<?xml version="1.0" encoding="UTF-8"?>
<!-- Generated by org.testng.reporters.JUnitReportReporter -->
<testsuite hostname="Mukesh" failures="0" tests="1" name="Com.DemoWebShop_TestScripts.Tc002_VerifUSerIsAbleToDeleteAddress" time="10.505" errors="0" timestamp="2026-05-31T09:24:28 IST" skipped="0">
  <testcase classname="Com.DemoWebShop_TestScripts.Tc002_VerifUSerIsAbleToDeleteAddress" name="deleteAddress" time="10.505"/>
</testsuite> <!-- Com.DemoWebShop_TestScripts.Tc002_VerifUSerIsAbleToDeleteAddress -->
