<?xml version="1.0" encoding="UTF-8"?>
<!-- Generated by org.testng.reporters.JUnitReportReporter -->
<testsuite hostname="Mukesh" failures="0" tests="2" name="Com.DemoWebShop_TestScripts.Tc001_VErifyUserIsAbleToAddAddressOrNot" time="2.421" errors="1" timestamp="2026-05-30T11:33:06 IST" skipped="1">
  <testcase classname="Com.DemoWebShop_TestScripts.Tc001_VErifyUserIsAbleToAddAddressOrNot" name="beforClass" time="2.421">
    <error message="unknown error: net::ERR_INTERNET_DISCONNECTED
  (Session info: chrome=148.0.7778.216)
Build info: version: &#039;4.44.0&#039;, revision: &#039;da2039b&#039;
System info: os.name: &#039;Windows 11&#039;, os.arch: &#039;amd64&#039;, os.version: &#039;10.0&#039;, java.version: &#039;25.0.1&#039;
Driver info: org.openqa.selenium.chrome.ChromeDriver
Command: [87fb3a52460ee577a8bf23cc2e281370, get {url=https://demowebshop.tricentis.com/}]
Capabilities {acceptInsecureCerts: false, browserName: chrome, browserVersion: 148.0.7778.216, chrome: {chromedriverVersion: 148.0.7778.97 (6b3fa66a923a..., userDataDir: C:\Users\MUKESH~1\AppData\L...}, fedcm:accounts: true, goog:chromeOptions: {debuggerAddress: localhost:56312}, goog:processID: 2896, networkConnectionEnabled: false, pageLoadStrategy: normal, platformName: windows, proxy: Proxy(), se:cdp: ws://localhost:56312/devtoo..., se:cdpVersion: 148.0.7778.216, setWindowRect: true, strictFileInteractability: false, timeouts: {implicit: 0, pageLoad: 300000, script: 30000}, unhandledPromptBehavior: dismiss and notify, webauthn:extension:credBlob: true, webauthn:extension:largeBlob: true, webauthn:extension:minPinLength: true, webauthn:extension:prf: true, webauthn:virtualAuthenticators: true}
Session ID: 87fb3a52460ee577a8bf23cc2e281370" type="org.openqa.selenium.WebDriverException">
      <![CDATA[org.openqa.selenium.WebDriverException: unknown error: net::ERR_INTERNET_DISCONNECTED
  (Session info: chrome=148.0.7778.216)
Build info: version: '4.44.0', revision: 'da2039b'
System info: os.name: 'Windows 11', os.arch: 'amd64', os.version: '10.0', java.version: '25.0.1'
Driver info: org.openqa.selenium.chrome.ChromeDriver
Command: [87fb3a52460ee577a8bf23cc2e281370, get {url=https://demowebshop.tricentis.com/}]
Capabilities {acceptInsecureCerts: false, browserName: chrome, browserVersion: 148.0.7778.216, chrome: {chromedriverVersion: 148.0.7778.97 (6b3fa66a923a..., userDataDir: C:\Users\MUKESH~1\AppData\L...}, fedcm:accounts: true, goog:chromeOptions: {debuggerAddress: localhost:56312}, goog:processID: 2896, networkConnectionEnabled: false, pageLoadStrategy: normal, platformName: windows, proxy: Proxy(), se:cdp: ws://localhost:56312/devtoo..., se:cdpVersion: 148.0.7778.216, setWindowRect: true, strictFileInteractability: false, timeouts: {implicit: 0, pageLoad: 300000, script: 30000}, unhandledPromptBehavior: dismiss and notify, webauthn:extension:credBlob: true, webauthn:extension:largeBlob: true, webauthn:extension:minPinLength: true, webauthn:extension:prf: true, webauthn:virtualAuthenticators: true}
Session ID: 87fb3a52460ee577a8bf23cc2e281370
at org.openqa.selenium.remote.ErrorCodec.decode(ErrorCodec.java:169)
at org.openqa.selenium.remote.codec.w3c.W3CHttpResponseCodec.decode(W3CHttpResponseCodec.java:143)
at org.openqa.selenium.remote.codec.w3c.W3CHttpResponseCodec.decode(W3CHttpResponseCodec.java:50)
at org.openqa.selenium.remote.HttpCommandExecutor.execute(HttpCommandExecutor.java:224)
at org.openqa.selenium.remote.service.DriverCommandExecutor.invokeExecute(DriverCommandExecutor.java:217)
at org.openqa.selenium.remote.service.DriverCommandExecutor.execute(DriverCommandExecutor.java:175)
at org.openqa.selenium.remote.RemoteWebDriver.execute(RemoteWebDriver.java:600)
at org.openqa.selenium.remote.RemoteWebDriver.get(RemoteWebDriver.java:366)
at Com.DemoWebShop_GenericUtility.BaseTest.beforClass(BaseTest.java:85)
at java.base/jdk.internal.reflect.DirectMethodHandleAccessor.invoke(DirectMethodHandleAccessor.java:104)
at java.base/java.lang.reflect.Method.invoke(Method.java:565)
at org.testng.internal.invokers.MethodInvocationHelper.invokeMethod(MethodInvocationHelper.java:141)
at org.testng.internal.invokers.MethodInvocationHelper.invokeMethodConsideringTimeout(MethodInvocationHelper.java:71)
at org.testng.internal.invokers.ConfigInvoker.invokeConfigurationMethod(ConfigInvoker.java:400)
at org.testng.internal.invokers.ConfigInvoker.invokeConfigurations(ConfigInvoker.java:333)
at org.testng.internal.invokers.TestMethodWorker.invokeBeforeClassMethods(TestMethodWorker.java:188)
at org.testng.internal.invokers.TestMethodWorker.run(TestMethodWorker.java:128)
at java.base/java.util.ArrayList.forEach(ArrayList.java:1604)
at org.testng.TestRunner.privateRun(TestRunner.java:744)
at org.testng.TestRunner.run(TestRunner.java:616)
at org.testng.SuiteRunner.runTest(SuiteRunner.java:421)
at org.testng.SuiteRunner.runSequentially(SuiteRunner.java:413)
at org.testng.SuiteRunner.privateRun(SuiteRunner.java:373)
at org.testng.SuiteRunner.run(SuiteRunner.java:312)
at org.testng.SuiteRunnerWorker.runSuite(SuiteRunnerWorker.java:52)
at org.testng.SuiteRunnerWorker.run(SuiteRunnerWorker.java:95)
at org.testng.TestNG.runSuitesSequentially(TestNG.java:1274)
at org.testng.TestNG.runSuitesLocally(TestNG.java:1208)
at org.testng.TestNG.runSuites(TestNG.java:1112)
at org.testng.TestNG.run(TestNG.java:1079)
at org.testng.remote.AbstractRemoteTestNG.run(AbstractRemoteTestNG.java:115)
at org.testng.remote.RemoteTestNG.initAndRun(RemoteTestNG.java:293)
at org.testng.remote.RemoteTestNG.main(RemoteTestNG.java:91)
]]>
    </error>
  </testcase> <!-- beforClass -->
  <testcase classname="Com.DemoWebShop_TestScripts.Tc001_VErifyUserIsAbleToAddAddressOrNot" name="addAddress" time="0.000">
    <skipped/>
  </testcase> <!-- addAddress -->
</testsuite> <!-- Com.DemoWebShop_TestScripts.Tc001_VErifyUserIsAbleToAddAddressOrNot -->
