<?xml version="1.0" encoding="UTF-8"?>
<testng-results ignored="0" total="1" passed="1" failed="0" skipped="0">
  <reporter-output>
  </reporter-output>
  <suite started-at="2026-05-31T09:22:17 IST" name="Default suite" finished-at="2026-05-31T09:24:28 IST" duration-ms="130609">
    <groups>
    </groups>
    <test started-at="2026-05-31T09:22:17 IST" name="Default test" finished-at="2026-05-31T09:24:28 IST" duration-ms="130609">
      <class name="Com.DemoWebShop_TestScripts.Tc002_VerifUSerIsAbleToDeleteAddress">
        <test-method is-config="true" signature="beforeSuite()[pri:0, instance:Com.DemoWebShop_TestScripts.Tc002_VerifUSerIsAbleToDeleteAddress@3bb9a3ff]" started-at="2026-05-31T09:22:17 IST" name="beforeSuite" finished-at="2026-05-31T09:22:17 IST" duration-ms="22" status="PASS">
          <reporter-output>
          </reporter-output>
        </test-method> <!-- beforeSuite -->
        <test-method is-config="true" signature="beforeTest()[pri:0, instance:Com.DemoWebShop_TestScripts.Tc002_VerifUSerIsAbleToDeleteAddress@3bb9a3ff]" started-at="2026-05-31T09:22:17 IST" name="beforeTest" finished-at="2026-05-31T09:22:18 IST" duration-ms="347" status="PASS">
          <reporter-output>
          </reporter-output>
        </test-method> <!-- beforeTest -->
        <test-method is-config="true" signature="beforClass()[pri:0, instance:Com.DemoWebShop_TestScripts.Tc002_VerifUSerIsAbleToDeleteAddress@3bb9a3ff]" started-at="2026-05-31T09:22:18 IST" name="beforClass" finished-at="2026-05-31T09:24:15 IST" duration-ms="116934" status="PASS">
          <reporter-output>
          </reporter-output>
        </test-method> <!-- beforClass -->
        <test-method is-config="true" signature="beforeMethod()[pri:0, instance:Com.DemoWebShop_TestScripts.Tc002_VerifUSerIsAbleToDeleteAddress@3bb9a3ff]" started-at="2026-05-31T09:24:15 IST" name="beforeMethod" finished-at="2026-05-31T09:24:19 IST" duration-ms="4893" status="PASS">
          <reporter-output>
          </reporter-output>
        </test-method> <!-- beforeMethod -->
        <test-method signature="deleteAddress()[pri:0, instance:Com.DemoWebShop_TestScripts.Tc002_VerifUSerIsAbleToDeleteAddress@3bb9a3ff]" started-at="2026-05-31T09:24:19 IST" name="deleteAddress" finished-at="2026-05-31T09:24:23 IST" duration-ms="3686" status="PASS">
          <reporter-output>
          </reporter-output>
        </test-method> <!-- deleteAddress -->
        <test-method is-config="true" signature="afterMethod()[pri:0, instance:Com.DemoWebShop_TestScripts.Tc002_VerifUSerIsAbleToDeleteAddress@3bb9a3ff]" started-at="2026-05-31T09:24:23 IST" name="afterMethod" finished-at="2026-05-31T09:24:25 IST" duration-ms="1926" status="PASS">
          <reporter-output>
          </reporter-output>
        </test-method> <!-- afterMethod -->
        <test-method is-config="true" signature="afterClass()[pri:0, instance:Com.DemoWebShop_TestScripts.Tc002_VerifUSerIsAbleToDeleteAddress@3bb9a3ff]" started-at="2026-05-31T09:24:25 IST" name="afterClass" finished-at="2026-05-31T09:24:27 IST" duration-ms="2355" status="PASS">
          <reporter-output>
          </reporter-output>
        </test-method> <!-- afterClass -->
        <test-method is-config="true" signature="afterTest()[pri:0, instance:Com.DemoWebShop_TestScripts.Tc002_VerifUSerIsAbleToDeleteAddress@3bb9a3ff]" started-at="2026-05-31T09:24:27 IST" name="afterTest" finished-at="2026-05-31T09:24:28 IST" duration-ms="398" status="PASS">
          <reporter-output>
          </reporter-output>
        </test-method> <!-- afterTest -->
        <test-method is-config="true" signature="afterSuite()[pri:0, instance:Com.DemoWebShop_TestScripts.Tc002_VerifUSerIsAbleToDeleteAddress@3bb9a3ff]" started-at="2026-05-31T09:24:28 IST" name="afterSuite" finished-at="2026-05-31T09:24:28 IST" duration-ms="1" status="PASS">
          <reporter-output>
          </reporter-output>
        </test-method> <!-- afterSuite -->
      </class> <!-- Com.DemoWebShop_TestScripts.Tc002_VerifUSerIsAbleToDeleteAddress -->
    </test> <!-- Default test -->
  </suite> <!-- Default suite -->
</testng-results>
